<?xml version="1.0" encoding="UTF-8"?>
<!-- Generated by org.testng.reporters.JUnitXMLReporter -->
<testsuite hostname="SIL-LTDELLi7-G6" name="Command line test" tests="1" failures="1" timestamp="15 Jul 2025 09:41:18 GMT" time="32.99" errors="0">
  <testcase name="runCukes" time="32.979" classname="cucumbertest.TestRunner_web">
    <failure type="cucumber.runtime.CucumberException" message="java.lang.AssertionError: 15.75 expected [16.00] but found [Hours Work 1 is NOT good]">
      <![CDATA[cucumber.runtime.CucumberException: java.lang.AssertionError: 15.75 expected [16.00] but found [Hours Work 1 is NOT good]
	at cucumber.api.testng.TestNGCucumberRunner.runCukes(TestNGCucumberRunner.java:57)
	at cucumbertest.TestRunner_web.runCukes(TestRunner_web.java:26)
Caused by: java.lang.AssertionError: 15.75 expected [16.00] but found [Hours Work 1 is NOT good]
	at stepdefinition.Steps.iVerifyHoursWorkInManageOT(Steps.java:623)
	at ✽.And I Verify Hours Work in Manage OT "16.00" "1.00"(features/Login.feature:95)
... Removed 38 stack frames]]>
    </failure>
  </testcase> <!-- runCukes -->
</testsuite> <!-- Command line test -->
